Exception at PC 0x00007FFB69DF92FC
Exception at PC 0x00007FFB69DF92FC
Exception at PC 0x00007FFB69DF92FC
Exception at PC 0x00007FFB69DF92FC
Exception at PC 0x00007FFAE9B6E132
Attemped to write at address 0x00007FFB2E7F4AA4
Printing stacktrace...

[0]  [0x00007FFAE9B6E132]
[1]  [0x00007FFAE9B6E132]
[2]  [0x00007FFAE9B6E194]
[3]  [0x00007FFAE97BD0D7]
[4]  [0x00007FFAE96A2BCA]
[5]  [0x00007FFAE96A2FD1]
[6]  [0x00007FFAE9B6EB2F]
[7]  [0x00007FFAE9A2C19D]
[8]  [0x00007FFAE9A25942]
[9]  [0x00007FFAE9A25AB5]
[10] (RtlActivateActivationContextUnsafeFast+0x114) [0x00007FFB6C89C114]
[11] (LdrShutdownProcess+0x142) [0x00007FFB6C89B522]
[12] (RtlExitUserProcess+0x98) [0x00007FFB6C898538]
[13] (FatalExit+0xa) [0x00007FFB6C29516A]
[14] (exit+0x25) [0x00007FFB6A0571D5]
[15] (flushall+0x22f) [0x00007FFB6A056E6F]
[16]  [0x00000000004014CD]
[17]  [0x000000000040151B]
[18] (BaseThreadInitThunk+0x22) [0x00007FFB6C2913D2]
[19] (RtlUserThreadStart+0x34) [0x00007FFB6C8954F4]
Done
